Started GET "/" for ::1 at 2020-07-27 15:17:51 -0400

ActiveRecord::NoDatabaseError - FATAL:  database "Nommly_development" does not exist
:

Started POST "/__better_errors/71196bce74cadd46/variables" for ::1 at 2020-07-27 15:17:52 -0400
  [1m[35m (441.0ms)[0m  [1m[35mCREATE DATABASE "Nommly_development" ENCODING = 'unicode'[0m
  ↳ bin/rails:9
  [1m[35m (123.0ms)[0m  [1m[35mCREATE DATABASE "Nommly_test" ENCODING = 'unicode'[0m
  ↳ bin/rails:9
Started GET "/" for ::1 at 2020-07-27 15:18:57 -0400
Processing by StaticPagesController#root as HTML
Completed 406 Not Acceptable in 161ms (ActiveRecord: 0.0ms)



ActionController::UnknownFormat - StaticPagesController#root is missing a template for this request format and variant.

request.formats: ["text/html"]
request.variant: []

NOTE! For XHR/Ajax or API requests, this action would normally respond with 204 No Content: an empty white screen. Since you're loading it in a web browser, we assume that you expected to actually render a template, not nothing, so we're showing an error to be extra-clear. If you expect 204 No Content, carry on. That's what you'll get from an XHR or API request. Give it a shot.:

Started POST "/__better_errors/c076bb13b25f9d97/variables" for ::1 at 2020-07-27 15:18:58 -0400
Started GET "/" for ::1 at 2020-07-27 15:22:29 -0400
Processing by StaticPagesController#root as HTML
Completed 406 Not Acceptable in 143ms (ActiveRecord: 0.0ms)



ActionController::UnknownFormat - StaticPagesController#root is missing a template for this request format and variant.

request.formats: ["text/html"]
request.variant: []

NOTE! For XHR/Ajax or API requests, this action would normally respond with 204 No Content: an empty white screen. Since you're loading it in a web browser, we assume that you expected to actually render a template, not nothing, so we're showing an error to be extra-clear. If you expect 204 No Content, carry on. That's what you'll get from an XHR or API request. Give it a shot.:

Started POST "/__better_errors/168496246f379a34/variables" for ::1 at 2020-07-27 15:22:30 -0400
Started GET "/" for ::1 at 2020-07-27 15:23:03 -0400
Processing by StaticPagesController#root as HTML
Completed 406 Not Acceptable in 128ms (ActiveRecord: 0.0ms)



ActionController::UnknownFormat - StaticPagesController#root is missing a template for this request format and variant.

request.formats: ["text/html"]
request.variant: []

NOTE! For XHR/Ajax or API requests, this action would normally respond with 204 No Content: an empty white screen. Since you're loading it in a web browser, we assume that you expected to actually render a template, not nothing, so we're showing an error to be extra-clear. If you expect 204 No Content, carry on. That's what you'll get from an XHR or API request. Give it a shot.:

Started POST "/__better_errors/6a57786a78b63ea9/variables" for ::1 at 2020-07-27 15:23:03 -0400
Started GET "/" for ::1 at 2020-07-27 15:23:29 -0400
Processing by StaticPagesController#root as HTML
Completed 406 Not Acceptable in 141ms (ActiveRecord: 0.0ms)



ActionController::UnknownFormat - StaticPagesController#root is missing a template for this request format and variant.

request.formats: ["text/html"]
request.variant: []

NOTE! For XHR/Ajax or API requests, this action would normally respond with 204 No Content: an empty white screen. Since you're loading it in a web browser, we assume that you expected to actually render a template, not nothing, so we're showing an error to be extra-clear. If you expect 204 No Content, carry on. That's what you'll get from an XHR or API request. Give it a shot.:

Started POST "/__better_errors/5ef3e171874c6591/variables" for ::1 at 2020-07-27 15:23:29 -0400
Started GET "/" for ::1 at 2020-07-27 15:28:31 -0400

NoMethodError - undefined method `to' for #<ActionDispatch::Routing::Mapper:0x00007fe3cbeea258>:
  config/routes.rb:3:in `block in <top (required)>'
  config/routes.rb:1:in `<top (required)>'

Started POST "/__better_errors/0ee9855d3b7ff43e/variables" for ::1 at 2020-07-27 15:28:32 -0400
Started GET "/" for ::1 at 2020-07-27 15:29:30 -0400

ActionController::RoutingError - uninitialized constant RootController:

Started POST "/__better_errors/e49e84b903b94185/variables" for ::1 at 2020-07-27 15:29:30 -0400
Started GET "/" for ::1 at 2020-07-27 15:30:34 -0400
Processing by StaticPagesController#root as HTML
Completed 406 Not Acceptable in 120ms (ActiveRecord: 0.0ms)



ActionController::UnknownFormat - StaticPagesController#root is missing a template for this request format and variant.

request.formats: ["text/html"]
request.variant: []

NOTE! For XHR/Ajax or API requests, this action would normally respond with 204 No Content: an empty white screen. Since you're loading it in a web browser, we assume that you expected to actually render a template, not nothing, so we're showing an error to be extra-clear. If you expect 204 No Content, carry on. That's what you'll get from an XHR or API request. Give it a shot.:

Started POST "/__better_errors/978551a0bd842911/variables" for ::1 at 2020-07-27 15:30:34 -0400
  [1m[35m (2.0ms)[0m  [1m[35mCREATE DATABASE "Nommly_development" ENCODING = 'unicode'[0m
  ↳ bin/rails:9
  [1m[35m (1.1ms)[0m  [1m[35mCREATE DATABASE "Nommly_test" ENCODING = 'unicode'[0m
  ↳ bin/rails:9
Started GET "/" for ::1 at 2020-07-27 15:36:45 -0400
Processing by StaticPagesController#root as HTML
Completed 406 Not Acceptable in 136ms (ActiveRecord: 0.0ms)



ActionController::UnknownFormat - StaticPagesController#root is missing a template for this request format and variant.

request.formats: ["text/html"]
request.variant: []

NOTE! For XHR/Ajax or API requests, this action would normally respond with 204 No Content: an empty white screen. Since you're loading it in a web browser, we assume that you expected to actually render a template, not nothing, so we're showing an error to be extra-clear. If you expect 204 No Content, carry on. That's what you'll get from an XHR or API request. Give it a shot.:

Started POST "/__better_errors/5e8d3e6a467ff847/variables" for ::1 at 2020-07-27 15:36:46 -0400
Started GET "/" for ::1 at 2020-07-27 15:42:45 -0400
Processing by StaticPagesController#root as HTML
Completed 406 Not Acceptable in 128ms (ActiveRecord: 0.0ms)



ActionController::UnknownFormat - StaticPagesController#root is missing a template for this request format and variant.

request.formats: ["text/html"]
request.variant: []

NOTE! For XHR/Ajax or API requests, this action would normally respond with 204 No Content: an empty white screen. Since you're loading it in a web browser, we assume that you expected to actually render a template, not nothing, so we're showing an error to be extra-clear. If you expect 204 No Content, carry on. That's what you'll get from an XHR or API request. Give it a shot.:

Started POST "/__better_errors/eb17cbf6809b3032/variables" for ::1 at 2020-07-27 15:42:45 -0400
Started GET "/" for ::1 at 2020-07-27 15:51:47 -0400
Processing by StaticPagesController#root as HTML
Completed 406 Not Acceptable in 187ms (ActiveRecord: 0.0ms)



ActionController::UnknownFormat - StaticPagesController#root is missing a template for this request format and variant.

request.formats: ["text/html"]
request.variant: []

NOTE! For XHR/Ajax or API requests, this action would normally respond with 204 No Content: an empty white screen. Since you're loading it in a web browser, we assume that you expected to actually render a template, not nothing, so we're showing an error to be extra-clear. If you expect 204 No Content, carry on. That's what you'll get from an XHR or API request. Give it a shot.:

Started POST "/__better_errors/082be1882005dff7/variables" for ::1 at 2020-07-27 15:51:48 -0400
Started GET "/" for ::1 at 2020-07-27 15:52:51 -0400
Processing by StaticPagesController#root as HTML
Completed 406 Not Acceptable in 137ms (ActiveRecord: 0.0ms)



ActionController::UnknownFormat - StaticPagesController#root is missing a template for this request format and variant.

request.formats: ["text/html"]
request.variant: []

NOTE! For XHR/Ajax or API requests, this action would normally respond with 204 No Content: an empty white screen. Since you're loading it in a web browser, we assume that you expected to actually render a template, not nothing, so we're showing an error to be extra-clear. If you expect 204 No Content, carry on. That's what you'll get from an XHR or API request. Give it a shot.:

Started POST "/__better_errors/11562e628b66a669/variables" for ::1 at 2020-07-27 15:52:51 -0400
Started GET "/api" for ::1 at 2020-07-27 15:53:14 -0400
  
ActionController::RoutingError (No route matches [GET] "/api"):
  
actionpack (5.2.4.3) lib/action_dispatch/middleware/debug_exceptions.rb:65:in `call'
web-console (3.7.0) lib/web_console/middleware.rb:135:in `call_app'
web-console (3.7.0) lib/web_console/middleware.rb:30:in `block in call'
web-console (3.7.0) lib/web_console/middleware.rb:20:in `catch'
web-console (3.7.0) lib/web_console/middleware.rb:20:in `call'
actionpack (5.2.4.3) lib/action_dispatch/middleware/show_exceptions.rb:33:in `call'
railties (5.2.4.3) lib/rails/rack/logger.rb:38:in `call_app'
railties (5.2.4.3) lib/rails/rack/logger.rb:26:in `block in call'
activesupport (5.2.4.3) lib/active_support/tagged_logging.rb:71:in `block in tagged'
activesupport (5.2.4.3) lib/active_support/tagged_logging.rb:28:in `tagged'
activesupport (5.2.4.3) lib/active_support/tagged_logging.rb:71:in `tagged'
railties (5.2.4.3) lib/rails/rack/logger.rb:26:in `call'
sprockets-rails (3.2.1) lib/sprockets/rails/quiet_assets.rb:13:in `call'
actionpack (5.2.4.3) lib/action_dispatch/middleware/remote_ip.rb:81:in `call'
actionpack (5.2.4.3) lib/action_dispatch/middleware/request_id.rb:27:in `call'
rack (2.2.3) lib/rack/method_override.rb:24:in `call'
rack (2.2.3) lib/rack/runtime.rb:22:in `call'
activesupport (5.2.4.3) lib/active_support/cache/strategy/local_cache_middleware.rb:29:in `call'
actionpack (5.2.4.3) lib/action_dispatch/middleware/executor.rb:14:in `call'
actionpack (5.2.4.3) lib/action_dispatch/middleware/static.rb:127:in `call'
rack (2.2.3) lib/rack/sendfile.rb:110:in `call'
railties (5.2.4.3) lib/rails/engine.rb:524:in `call'
puma (3.12.6) lib/puma/configuration.rb:227:in `call'
puma (3.12.6) lib/puma/server.rb:706:in `handle_request'
puma (3.12.6) lib/puma/server.rb:476:in `process_client'
puma (3.12.6) lib/puma/server.rb:334:in `block in run'
puma (3.12.6) lib/puma/thread_pool.rb:135:in `block in spawn_thread'
Started GET "/" for ::1 at 2020-07-27 15:53:19 -0400
Processing by StaticPagesController#root as HTML
Completed 406 Not Acceptable in 138ms (ActiveRecord: 0.0ms)



ActionController::UnknownFormat - StaticPagesController#root is missing a template for this request format and variant.

request.formats: ["text/html"]
request.variant: []

NOTE! For XHR/Ajax or API requests, this action would normally respond with 204 No Content: an empty white screen. Since you're loading it in a web browser, we assume that you expected to actually render a template, not nothing, so we're showing an error to be extra-clear. If you expect 204 No Content, carry on. That's what you'll get from an XHR or API request. Give it a shot.:

Started POST "/__better_errors/1f7556c94d64c7ad/variables" for ::1 at 2020-07-27 15:53:19 -0400
Started GET "/" for ::1 at 2020-07-27 15:59:06 -0400
Processing by StaticPagesController#root as HTML
  Rendering static_pages/root.html.erb within layouts/application
  Rendered static_pages/root.html.erb within layouts/application (2.0ms)
Completed 200 OK in 2493ms (Views: 2486.8ms | ActiveRecord: 0.0ms)


